<?xml version="1.0" encoding="UTF-8"?>
<testng-results ignored="0" total="2" passed="2" failed="0" skipped="0">
  <reporter-output>
    <line>
      <![CDATA[Fields Are Blank]]>
    </line>
    <line>
      <![CDATA[User logged in Successfully]]>
    </line>
    <line>
      <![CDATA[Promise Added Successfully]]>
    </line>
  </reporter-output>
  <suite started-at="2020-09-07T23:51:43 IST" name="Suite" finished-at="2020-09-07T23:52:21 IST" duration-ms="37552">
    <groups>
    </groups>
    <test started-at="2020-09-07T23:51:43 IST" name="Test" finished-at="2020-09-07T23:52:21 IST" duration-ms="37552">
      <class name="Script.LoginPage_Script">
        <test-method is-config="true" signature="openBrowser()[pri:0, instance:Script.LoginPage_Script@5d2a4eed]" started-at="2020-09-07T23:51:43 IST" name="openBrowser" finished-at="2020-09-07T23:52:04 IST" duration-ms="20434" status="PASS">
          <reporter-output>
          </reporter-output>
        </test-method> <!-- openBrowser -->
        <test-method signature="login()[pri:0, instance:Script.LoginPage_Script@5d2a4eed]" started-at="2020-09-07T23:52:04 IST" name="login" finished-at="2020-09-07T23:52:04 IST" duration-ms="705" status="PASS">
          <reporter-output>
            <line>
              <![CDATA[Fields Are Blank]]>
            </line>
          </reporter-output>
        </test-method> <!-- login -->
        <test-method is-config="true" signature="closeBrowser()[pri:0, instance:Script.LoginPage_Script@5d2a4eed]" started-at="2020-09-07T23:52:04 IST" name="closeBrowser" finished-at="2020-09-07T23:52:06 IST" duration-ms="1373" status="PASS">
          <reporter-output>
          </reporter-output>
        </test-method> <!-- closeBrowser -->
        <test-method is-config="true" signature="openBrowser()[pri:0, instance:Script.LoginPage_Script@5d2a4eed]" started-at="2020-09-07T23:52:06 IST" name="openBrowser" finished-at="2020-09-07T23:52:12 IST" duration-ms="6292" status="PASS">
          <reporter-output>
          </reporter-output>
        </test-method> <!-- openBrowser -->
        <test-method signature="loginFunc()[pri:1, instance:Script.LoginPage_Script@5d2a4eed]" started-at="2020-09-07T23:52:12 IST" name="loginFunc" finished-at="2020-09-07T23:52:17 IST" duration-ms="4926" status="PASS">
          <reporter-output>
            <line>
              <![CDATA[User logged in Successfully]]>
            </line>
            <line>
              <![CDATA[Promise Added Successfully]]>
            </line>
          </reporter-output>
        </test-method> <!-- loginFunc -->
        <test-method is-config="true" signature="closeBrowser()[pri:0, instance:Script.LoginPage_Script@5d2a4eed]" started-at="2020-09-07T23:52:17 IST" name="closeBrowser" finished-at="2020-09-07T23:52:21 IST" duration-ms="3731" status="PASS">
          <reporter-output>
          </reporter-output>
        </test-method> <!-- closeBrowser -->
      </class> <!-- Script.LoginPage_Script -->
    </test> <!-- Test -->
  </suite> <!-- Suite -->
</testng-results>
